android/app/build/intermediates/manifest_merge_blame_file/release/manifest-merger-blame-release-report.txt
1<?xml version="1.0" encoding="utf-8"?>
2<manifest xmlns:android="http://schemas.android.com/apk/res/android"
3    package="com.ComfyNews"
4    android:versionCode="2"
5    android:versionName="1.1" >
6
7    <uses-sdk
8        android:minSdkVersion="21"
8-->src/main/AndroidManifest.xml
9        android:targetSdkVersion="31" />
9-->src/main/AndroidManifest.xml
10
11    <uses-permission android:name="android.permission.INTERNET" />
11-->src/main/AndroidManifest.xml:3:3-65
11-->src/main/AndroidManifest.xml:3:20-62
12    <uses-permission android:name="android.permission.CAMERA" />
12-->src/main/AndroidManifest.xml:4:3-63
12-->src/main/AndroidManifest.xml:4:20-60
13    <uses-permission android:name="android.permission.VIBRATE" />
13-->src/main/AndroidManifest.xml:5:3-64
13-->src/main/AndroidManifest.xml:5:20-61
14    <uses-permission android:name="android.permission.MODIFY_AUDIO_SETTINGS" />
14-->src/main/AndroidManifest.xml:6:3-78
14-->src/main/AndroidManifest.xml:6:20-75
15    <uses-permission android:name="android.permission.RECORD_AUDIO" />
15-->src/main/AndroidManifest.xml:7:3-69
15-->src/main/AndroidManifest.xml:7:20-66
16
17    <uses-feature
17-->src/main/AndroidManifest.xml:8:3-83
18        android:name="android.hardware.camera"
18-->src/main/AndroidManifest.xml:8:17-55
19        android:required="false" />
19-->src/main/AndroidManifest.xml:8:56-80
20    <uses-feature
20-->src/main/AndroidManifest.xml:9:3-93
21        android:name="android.hardware.camera.autofocus"
21-->src/main/AndroidManifest.xml:9:17-65
22        android:required="false" />
22-->src/main/AndroidManifest.xml:9:66-90
23    <uses-feature
23-->src/main/AndroidManifest.xml:10:3-87
24        android:name="android.hardware.microphone"
24-->src/main/AndroidManifest.xml:10:17-59
25        android:required="false" />
25-->src/main/AndroidManifest.xml:10:60-84
26
27    <uses-permission android:name="android.permission.WAKE_LOCK" />
27-->[:react-native-firebase_messaging] AndroidManifest.xml:12:5-68
27-->[:react-native-firebase_messaging] AndroidManifest.xml:12:22-65
28    <uses-permission android:name="android.permission.ACCESS_NETWORK_STATE" />
28-->[:react-native-firebase_messaging] AndroidManifest.xml:13:5-79
28-->[:react-native-firebase_messaging] AndroidManifest.xml:13:22-76
29    <uses-permission android:name="android.permission.USE_BIOMETRIC" />
29-->[:react-native-keychain] AndroidManifest.xml:11:5-72
29-->[:react-native-keychain] AndroidManifest.xml:11:22-69
30    <uses-permission android:name="android.permission.USE_FINGERPRINT" />
30-->[:react-native-keychain] AndroidManifest.xml:12:5-74
30-->[:react-native-keychain] AndroidManifest.xml:12:22-71
31    <uses-permission android:name="android.permission.POST_NOTIFICATIONS" /> <!-- Required by older versions of Google Play services to create IID tokens -->
31-->[com.google.firebase:firebase-messaging:23.1.1] AndroidManifest.xml:25:5-77
31-->[com.google.firebase:firebase-messaging:23.1.1] AndroidManifest.xml:25:22-74
32    <uses-permission android:name="com.google.android.c2dm.permission.RECEIVE" />
32-->[com.google.firebase:firebase-messaging:23.1.1] AndroidManifest.xml:28:5-82
32-->[com.google.firebase:firebase-messaging:23.1.1] AndroidManifest.xml:28:22-79
33    <uses-permission android:name="com.google.android.gms.permission.AD_ID" />
33-->[com.google.android.gms:play-services-measurement-api:21.2.0] AndroidManifest.xml:25:5-79
33-->[com.google.android.gms:play-services-measurement-api:21.2.0] AndroidManifest.xml:25:22-76
34    <uses-permission android:name="com.google.android.finsky.permission.BIND_GET_INSTALL_REFERRER_SERVICE" /> <!-- Permission will be merged into the manifest of the hosting app. -->
34-->[com.google.android.gms:play-services-measurement:21.2.0] AndroidManifest.xml:26:5-110
34-->[com.google.android.gms:play-services-measurement:21.2.0] AndroidManifest.xml:26:22-107
35    <!-- Is required to launch foreground extraction service for targetSdkVersion 28+. -->
36    <uses-permission android:name="android.permission.FOREGROUND_SERVICE" />
36-->[com.google.android.play:core:1.8.0] AndroidManifest.xml:8:3-74
36-->[com.google.android.play:core:1.8.0] AndroidManifest.xml:8:20-72
37
38    <application
38-->src/main/AndroidManifest.xml:11:3-32:17
39        android:name="com.ComfyNews.MainApplication"
39-->src/main/AndroidManifest.xml:12:7-38
40        android:allowBackup="false"
40-->src/main/AndroidManifest.xml:16:7-34
41        android:appComponentFactory="androidx.core.app.CoreComponentFactory"
41-->[androidx.core:core:1.7.0] AndroidManifest.xml:24:18-86
42        android:exported="true"
42-->src/main/AndroidManifest.xml:17:7-30
43        android:icon="@mipmap/ic_launcher"
43-->src/main/AndroidManifest.xml:14:7-41
44        android:label="@string/app_name"
44-->src/main/AndroidManifest.xml:13:7-39
45        android:roundIcon="@mipmap/ic_launcher_round"
45-->src/main/AndroidManifest.xml:15:7-52
46        android:theme="@style/AppTheme"
46-->src/main/AndroidManifest.xml:19:7-38
47        android:usesCleartextTraffic="true" >
47-->src/main/AndroidManifest.xml:18:7-42
48        <activity
48-->src/main/AndroidManifest.xml:20:5-31:16
49            android:name="com.ComfyNews.MainActivity"
49-->src/main/AndroidManifest.xml:21:9-37
50            android:configChanges="keyboard|keyboardHidden|orientation|screenSize|uiMode"
50-->src/main/AndroidManifest.xml:24:9-86
51            android:exported="true"
51-->src/main/AndroidManifest.xml:22:10-33
52            android:label="@string/app_name"
52-->src/main/AndroidManifest.xml:23:9-41
53            android:launchMode="singleTask"
53-->src/main/AndroidManifest.xml:25:9-40
54            android:windowSoftInputMode="adjustResize" >
54-->src/main/AndroidManifest.xml:26:9-51
55            <intent-filter>
55-->src/main/AndroidManifest.xml:27:7-30:23
56                <action android:name="android.intent.action.MAIN" />
56-->src/main/AndroidManifest.xml:28:9-61
56-->src/main/AndroidManifest.xml:28:17-58
57
58                <category android:name="android.intent.category.LAUNCHER" />
58-->src/main/AndroidManifest.xml:29:9-69
58-->src/main/AndroidManifest.xml:29:19-66
59            </intent-filter>
60        </activity>
61
62        <service
62-->[:react-native-firebase_messaging] AndroidManifest.xml:16:9-18:40
63            android:name="io.invertase.firebase.messaging.ReactNativeFirebaseMessagingHeadlessService"
63-->[:react-native-firebase_messaging] AndroidManifest.xml:17:13-103
64            android:exported="false" />
64-->[:react-native-firebase_messaging] AndroidManifest.xml:18:13-37
65        <service
65-->[:react-native-firebase_messaging] AndroidManifest.xml:19:9-25:19
66            android:name="io.invertase.firebase.messaging.ReactNativeFirebaseMessagingService"
66-->[:react-native-firebase_messaging] AndroidManifest.xml:20:13-95
67            android:exported="false" >
67-->[:react-native-firebase_messaging] AndroidManifest.xml:21:13-37
68            <intent-filter>
68-->[:react-native-firebase_messaging] AndroidManifest.xml:22:13-24:29
69                <action android:name="com.google.firebase.MESSAGING_EVENT" />
69-->[:react-native-firebase_messaging] AndroidManifest.xml:23:17-78
69-->[:react-native-firebase_messaging] AndroidManifest.xml:23:25-75
70            </intent-filter>
71        </service>
72
73        <receiver
73-->[:react-native-firebase_messaging] AndroidManifest.xml:27:9-34:20
74            android:name="io.invertase.firebase.messaging.ReactNativeFirebaseMessagingReceiver"
74-->[:react-native-firebase_messaging] AndroidManifest.xml:28:13-96
75            android:exported="true"
75-->[:react-native-firebase_messaging] AndroidManifest.xml:29:13-36
76            android:permission="com.google.android.c2dm.permission.SEND" >
76-->[:react-native-firebase_messaging] AndroidManifest.xml:30:13-73
77            <intent-filter>
77-->[:react-native-firebase_messaging] AndroidManifest.xml:31:13-33:29
78                <action android:name="com.google.android.c2dm.intent.RECEIVE" />
78-->[:react-native-firebase_messaging] AndroidManifest.xml:32:17-81
78-->[:react-native-firebase_messaging] AndroidManifest.xml:32:25-78
79            </intent-filter>
80        </receiver>
81
82        <meta-data
82-->[:react-native-firebase_messaging] AndroidManifest.xml:36:9-38:36
83            android:name="firebase_messaging_auto_init_enabled"
83-->[:react-native-firebase_messaging] AndroidManifest.xml:37:13-64
84            android:value="true" />
84-->[:react-native-firebase_messaging] AndroidManifest.xml:38:13-33
85        <meta-data
85-->[:react-native-firebase_messaging] AndroidManifest.xml:39:9-41:32
86            android:name="com.google.firebase.messaging.default_notification_channel_id"
86-->[:react-native-firebase_messaging] AndroidManifest.xml:40:13-89
87            android:value="" />
87-->[:react-native-firebase_messaging] AndroidManifest.xml:41:13-29
88        <meta-data
88-->[:react-native-firebase_messaging] AndroidManifest.xml:42:9-44:47
89            android:name="com.google.firebase.messaging.default_notification_color"
89-->[:react-native-firebase_messaging] AndroidManifest.xml:43:13-84
90            android:resource="@color/white" />
90-->[:react-native-firebase_messaging] AndroidManifest.xml:44:13-44
91        <meta-data
91-->[:react-native-firebase_app] AndroidManifest.xml:13:9-15:36
92            android:name="app_data_collection_default_enabled"
92-->[:react-native-firebase_app] AndroidManifest.xml:14:13-63
93            android:value="true" />
93-->[:react-native-firebase_app] AndroidManifest.xml:15:13-33
94
95        <service
95-->[:react-native-firebase_app] AndroidManifest.xml:17:9-25:19
96            android:name="com.google.firebase.components.ComponentDiscoveryService"
96-->[:react-native-firebase_app] AndroidManifest.xml:18:13-84
97            android:directBootAware="true"
97-->[:react-native-firebase_app] AndroidManifest.xml:19:13-43
98            android:exported="false" >
98-->[:react-native-firebase_app] AndroidManifest.xml:20:13-37
99            <meta-data
99-->[:react-native-firebase_app] AndroidManifest.xml:22:13-24:85
100                android:name="com.google.firebase.components:io.invertase.firebase.app.ReactNativeFirebaseAppRegistrar"
100-->[:react-native-firebase_app] AndroidManifest.xml:23:17-120
101                android:value="com.google.firebase.components.ComponentRegistrar" />
101-->[:react-native-firebase_app] AndroidManifest.xml:24:17-82
102            <meta-data
102-->[com.google.firebase:firebase-messaging:23.1.1] AndroidManifest.xml:55:13-57:85
103                android:name="com.google.firebase.components:com.google.firebase.messaging.FirebaseMessagingRegistrar"
103-->[com.google.firebase:firebase-messaging:23.1.1] AndroidManifest.xml:56:17-119
104                android:value="com.google.firebase.components.ComponentRegistrar" />
104-->[com.google.firebase:firebase-messaging:23.1.1] AndroidManifest.xml:57:17-82
105            <meta-data
105-->[com.google.firebase:firebase-datatransport:18.1.7] AndroidManifest.xml:27:13-29:85
106                android:name="com.google.firebase.components:com.google.firebase.datatransport.TransportRegistrar"
106-->[com.google.firebase:firebase-datatransport:18.1.7] AndroidManifest.xml:28:17-115
107                android:value="com.google.firebase.components.ComponentRegistrar" />
107-->[com.google.firebase:firebase-datatransport:18.1.7] AndroidManifest.xml:29:17-82
108            <meta-data
108-->[com.google.android.gms:play-services-measurement-api:21.2.0] AndroidManifest.xml:31:13-33:85
109                android:name="com.google.firebase.components:com.google.firebase.analytics.connector.internal.AnalyticsConnectorRegistrar"
109-->[com.google.android.gms:play-services-measurement-api:21.2.0] AndroidManifest.xml:32:17-139
110                android:value="com.google.firebase.components.ComponentRegistrar" />
110-->[com.google.android.gms:play-services-measurement-api:21.2.0] AndroidManifest.xml:33:17-82
111            <meta-data
111-->[com.google.firebase:firebase-installations:17.1.0] AndroidManifest.xml:17:13-19:85
112                android:name="com.google.firebase.components:com.google.firebase.installations.FirebaseInstallationsRegistrar"
112-->[com.google.firebase:firebase-installations:17.1.0] AndroidManifest.xml:18:17-127
113                android:value="com.google.firebase.components.ComponentRegistrar" />
113-->[com.google.firebase:firebase-installations:17.1.0] AndroidManifest.xml:19:17-82
114        </service>
115
116        <provider
116-->[:react-native-firebase_app] AndroidManifest.xml:27:9-31:38
117            android:name="io.invertase.firebase.app.ReactNativeFirebaseAppInitProvider"
117-->[:react-native-firebase_app] AndroidManifest.xml:28:13-88
118            android:authorities="com.ComfyNews.reactnativefirebaseappinitprovider"
118-->[:react-native-firebase_app] AndroidManifest.xml:29:13-86
119            android:exported="false"
119-->[:react-native-firebase_app] AndroidManifest.xml:30:13-37
120            android:initOrder="99" />
120-->[:react-native-firebase_app] AndroidManifest.xml:31:13-35
121
122        <receiver
122-->[com.google.firebase:firebase-messaging:23.1.1] AndroidManifest.xml:31:9-38:20
123            android:name="com.google.firebase.iid.FirebaseInstanceIdReceiver"
123-->[com.google.firebase:firebase-messaging:23.1.1] AndroidManifest.xml:32:13-78
124            android:exported="true"
124-->[com.google.firebase:firebase-messaging:23.1.1] AndroidManifest.xml:33:13-36
125            android:permission="com.google.android.c2dm.permission.SEND" >
125-->[com.google.firebase:firebase-messaging:23.1.1] AndroidManifest.xml:34:13-73
126            <intent-filter>
126-->[:react-native-firebase_messaging] AndroidManifest.xml:31:13-33:29
127                <action android:name="com.google.android.c2dm.intent.RECEIVE" />
127-->[:react-native-firebase_messaging] AndroidManifest.xml:32:17-81
127-->[:react-native-firebase_messaging] AndroidManifest.xml:32:25-78
128            </intent-filter>
129        </receiver>
130        <!--
131             FirebaseMessagingService performs security checks at runtime,
132             but set to not exported to explicitly avoid allowing another app to call it.
133        -->
134        <service
134-->[com.google.firebase:firebase-messaging:23.1.1] AndroidManifest.xml:44:9-51:19
135            android:name="com.google.firebase.messaging.FirebaseMessagingService"
135-->[com.google.firebase:firebase-messaging:23.1.1] AndroidManifest.xml:45:13-82
136            android:directBootAware="true"
136-->[com.google.firebase:firebase-messaging:23.1.1] AndroidManifest.xml:46:13-43
137            android:exported="false" >
137-->[com.google.firebase:firebase-messaging:23.1.1] AndroidManifest.xml:47:13-37
138            <intent-filter android:priority="-500" >
138-->[:react-native-firebase_messaging] AndroidManifest.xml:22:13-24:29
139                <action android:name="com.google.firebase.MESSAGING_EVENT" />
139-->[:react-native-firebase_messaging] AndroidManifest.xml:23:17-78
139-->[:react-native-firebase_messaging] AndroidManifest.xml:23:25-75
140            </intent-filter>
141        </service>
142        <service
142-->[com.google.android.datatransport:transport-backend-cct:3.1.8] AndroidManifest.xml:28:9-34:19
143            android:name="com.google.android.datatransport.runtime.backends.TransportBackendDiscovery"
143-->[com.google.android.datatransport:transport-backend-cct:3.1.8] AndroidManifest.xml:29:13-103
144            android:exported="false" >
144-->[com.google.android.datatransport:transport-backend-cct:3.1.8] AndroidManifest.xml:30:13-37
145            <meta-data
145-->[com.google.android.datatransport:transport-backend-cct:3.1.8] AndroidManifest.xml:31:13-33:39
146                android:name="backend:com.google.android.datatransport.cct.CctBackendFactory"
146-->[com.google.android.datatransport:transport-backend-cct:3.1.8] AndroidManifest.xml:32:17-94
147                android:value="cct" />
147-->[com.google.android.datatransport:transport-backend-cct:3.1.8] AndroidManifest.xml:33:17-36
148        </service>
149        <service
149-->[com.google.android.datatransport:transport-runtime:3.1.8] AndroidManifest.xml:26:9-30:19
150            android:name="com.google.android.datatransport.runtime.scheduling.jobscheduling.JobInfoSchedulerService"
150-->[com.google.android.datatransport:transport-runtime:3.1.8] AndroidManifest.xml:27:13-117
151            android:exported="false"
151-->[com.google.android.datatransport:transport-runtime:3.1.8] AndroidManifest.xml:28:13-37
152            android:permission="android.permission.BIND_JOB_SERVICE" >
152-->[com.google.android.datatransport:transport-runtime:3.1.8] AndroidManifest.xml:29:13-69
153        </service>
154
155        <receiver
155-->[com.google.android.datatransport:transport-runtime:3.1.8] AndroidManifest.xml:32:9-34:40
156            android:name="com.google.android.datatransport.runtime.scheduling.jobscheduling.AlarmManagerSchedulerBroadcastReceiver"
156-->[com.google.android.datatransport:transport-runtime:3.1.8] AndroidManifest.xml:33:13-132
157            android:exported="false" />
157-->[com.google.android.datatransport:transport-runtime:3.1.8] AndroidManifest.xml:34:13-37
158
159        <provider
159-->[com.google.firebase:firebase-common:20.2.0] AndroidManifest.xml:25:9-30:39
160            android:name="com.google.firebase.provider.FirebaseInitProvider"
160-->[com.google.firebase:firebase-common:20.2.0] AndroidManifest.xml:26:13-77
161            android:authorities="com.ComfyNews.firebaseinitprovider"
161-->[com.google.firebase:firebase-common:20.2.0] AndroidManifest.xml:27:13-72
162            android:directBootAware="true"
162-->[com.google.firebase:firebase-common:20.2.0] AndroidManifest.xml:28:13-43
163            android:exported="false"
163-->[com.google.firebase:firebase-common:20.2.0] AndroidManifest.xml:29:13-37
164            android:initOrder="100" />
164-->[com.google.firebase:firebase-common:20.2.0] AndroidManifest.xml:30:13-36
165
166        <activity
166-->[com.google.android.gms:play-services-auth:20.3.0] AndroidManifest.xml:23:9-27:75
167            android:name="com.google.android.gms.auth.api.signin.internal.SignInHubActivity"
167-->[com.google.android.gms:play-services-auth:20.3.0] AndroidManifest.xml:24:13-93
168            android:excludeFromRecents="true"
168-->[com.google.android.gms:play-services-auth:20.3.0] AndroidManifest.xml:25:13-46
169            android:exported="false"
169-->[com.google.android.gms:play-services-auth:20.3.0] AndroidManifest.xml:26:13-37
170            android:theme="@android:style/Theme.Translucent.NoTitleBar" />
170-->[com.google.android.gms:play-services-auth:20.3.0] AndroidManifest.xml:27:13-72
171        <!--
172            Service handling Google Sign-In user revocation. For apps that do not integrate with
173            Google Sign-In, this service will never be started.
174        -->
175        <service
175-->[com.google.android.gms:play-services-auth:20.3.0] AndroidManifest.xml:33:9-37:51
176            android:name="com.google.android.gms.auth.api.signin.RevocationBoundService"
176-->[com.google.android.gms:play-services-auth:20.3.0] AndroidManifest.xml:34:13-89
177            android:exported="true"
177-->[com.google.android.gms:play-services-auth:20.3.0] AndroidManifest.xml:35:13-36
178            android:permission="com.google.android.gms.auth.api.signin.permission.REVOCATION_NOTIFICATION"
178-->[com.google.android.gms:play-services-auth:20.3.0] AndroidManifest.xml:36:13-107
179            android:visibleToInstantApps="true" />
179-->[com.google.android.gms:play-services-auth:20.3.0] AndroidManifest.xml:37:13-48
180
181        <activity
181-->[com.google.android.gms:play-services-base:18.0.1] AndroidManifest.xml:20:9-22:45
182            android:name="com.google.android.gms.common.api.GoogleApiActivity"
182-->[com.google.android.gms:play-services-base:18.0.1] AndroidManifest.xml:20:19-85
183            android:exported="false"
183-->[com.google.android.gms:play-services-base:18.0.1] AndroidManifest.xml:22:19-43
184            android:theme="@android:style/Theme.Translucent.NoTitleBar" />
184-->[com.google.android.gms:play-services-base:18.0.1] AndroidManifest.xml:21:19-78
185
186        <receiver
186-->[com.google.android.gms:play-services-measurement:21.2.0] AndroidManifest.xml:29:9-33:20
187            android:name="com.google.android.gms.measurement.AppMeasurementReceiver"
187-->[com.google.android.gms:play-services-measurement:21.2.0] AndroidManifest.xml:30:13-85
188            android:enabled="true"
188-->[com.google.android.gms:play-services-measurement:21.2.0] AndroidManifest.xml:31:13-35
189            android:exported="false" >
189-->[com.google.android.gms:play-services-measurement:21.2.0] AndroidManifest.xml:32:13-37
190        </receiver>
191
192        <service
192-->[com.google.android.gms:play-services-measurement:21.2.0] AndroidManifest.xml:35:9-38:40
193            android:name="com.google.android.gms.measurement.AppMeasurementService"
193-->[com.google.android.gms:play-services-measurement:21.2.0] AndroidManifest.xml:36:13-84
194            android:enabled="true"
194-->[com.google.android.gms:play-services-measurement:21.2.0] AndroidManifest.xml:37:13-35
195            android:exported="false" />
195-->[com.google.android.gms:play-services-measurement:21.2.0] AndroidManifest.xml:38:13-37
196        <service
196-->[com.google.android.gms:play-services-measurement:21.2.0] AndroidManifest.xml:39:9-43:72
197            android:name="com.google.android.gms.measurement.AppMeasurementJobService"
197-->[com.google.android.gms:play-services-measurement:21.2.0] AndroidManifest.xml:40:13-87
198            android:enabled="true"
198-->[com.google.android.gms:play-services-measurement:21.2.0] AndroidManifest.xml:41:13-35
199            android:exported="false"
199-->[com.google.android.gms:play-services-measurement:21.2.0] AndroidManifest.xml:42:13-37
200            android:permission="android.permission.BIND_JOB_SERVICE" />
200-->[com.google.android.gms:play-services-measurement:21.2.0] AndroidManifest.xml:43:13-69
201
202        <meta-data
202-->[com.google.android.gms:play-services-basement:18.1.0] AndroidManifest.xml:21:9-23:69
203            android:name="com.google.android.gms.version"
203-->[com.google.android.gms:play-services-basement:18.1.0] AndroidManifest.xml:22:13-58
204            android:value="@integer/google_play_services_version" />
204-->[com.google.android.gms:play-services-basement:18.1.0] AndroidManifest.xml:23:13-66
205
206        <provider
206-->[androidx.emoji2:emoji2:1.0.0] AndroidManifest.xml:26:9-34:20
207            android:name="androidx.startup.InitializationProvider"
207-->[androidx.emoji2:emoji2:1.0.0] AndroidManifest.xml:27:13-67
208            android:authorities="com.ComfyNews.androidx-startup"
208-->[androidx.emoji2:emoji2:1.0.0] AndroidManifest.xml:28:13-68
209            android:exported="false" >
209-->[androidx.emoji2:emoji2:1.0.0] AndroidManifest.xml:29:13-37
210            <meta-data
210-->[androidx.emoji2:emoji2:1.0.0] AndroidManifest.xml:31:13-33:52
211                android:name="androidx.emoji2.text.EmojiCompatInitializer"
211-->[androidx.emoji2:emoji2:1.0.0] AndroidManifest.xml:32:17-75
212                android:value="androidx.startup" />
212-->[androidx.emoji2:emoji2:1.0.0] AndroidManifest.xml:33:17-49
213            <meta-data
213-->[androidx.lifecycle:lifecycle-process:2.4.0] AndroidManifest.xml:31:13-33:52
214                android:name="androidx.lifecycle.ProcessLifecycleInitializer"
214-->[androidx.lifecycle:lifecycle-process:2.4.0] AndroidManifest.xml:32:17-78
215                android:value="androidx.startup" />
215-->[androidx.lifecycle:lifecycle-process:2.4.0] AndroidManifest.xml:33:17-49
216        </provider> <!-- The activities will be merged into the manifest of the hosting app. -->
217        <activity
217-->[com.google.android.play:core:1.8.0] AndroidManifest.xml:12:5-271
218            android:name="com.google.android.play.core.missingsplits.PlayCoreMissingSplitsActivity"
218-->[com.google.android.play:core:1.8.0] AndroidManifest.xml:12:15-102
219            android:enabled="false"
219-->[com.google.android.play:core:1.8.0] AndroidManifest.xml:12:103-126
220            android:exported="false"
220-->[com.google.android.play:core:1.8.0] AndroidManifest.xml:12:127-151
221            android:launchMode="singleInstance"
221-->[com.google.android.play:core:1.8.0] AndroidManifest.xml:12:204-239
222            android:process=":playcore_missing_splits_activity"
222-->[com.google.android.play:core:1.8.0] AndroidManifest.xml:12:152-203
223            android:stateNotNeeded="true" />
223-->[com.google.android.play:core:1.8.0] AndroidManifest.xml:12:240-269
224        <activity
224-->[com.google.android.play:core:1.8.0] AndroidManifest.xml:13:5-226
225            android:name="com.google.android.play.core.common.PlayCoreDialogWrapperActivity"
225-->[com.google.android.play:core:1.8.0] AndroidManifest.xml:13:15-95
226            android:enabled="false"
226-->[com.google.android.play:core:1.8.0] AndroidManifest.xml:13:96-119
227            android:exported="false"
227-->[com.google.android.play:core:1.8.0] AndroidManifest.xml:13:120-144
228            android:stateNotNeeded="true"
228-->[com.google.android.play:core:1.8.0] AndroidManifest.xml:13:145-174
229            android:theme="@style/Theme.PlayCore.Transparent" /> <!-- The service will be merged into the manifest of the hosting app. -->
229-->[com.google.android.play:core:1.8.0] AndroidManifest.xml:13:175-224
230        <service
230-->[com.google.android.play:core:1.8.0] AndroidManifest.xml:16:5-145
231            android:name="com.google.android.play.core.assetpacks.AssetPackExtractionService"
231-->[com.google.android.play:core:1.8.0] AndroidManifest.xml:16:14-95
232            android:enabled="false"
232-->[com.google.android.play:core:1.8.0] AndroidManifest.xml:16:96-119
233            android:exported="true" />
233-->[com.google.android.play:core:1.8.0] AndroidManifest.xml:16:120-143
234    </application>
235
236</manifest>